# JRE version: Java(TM) SE Runtime Environment (8.0_51-b16) (build 1.8.0_51-b16)
# Java VM: Java HotSpot(TM) 64-Bit Server VM (25.51-b03 mixed mode windows-amd64 compressed oops)
Heap:
 garbage-first heap   total 1703936K, used 173494K [0x00000006c0000000, 0x00000006c20001a0, 0x00000007c0000000)
  region size 32768K, 1 young (32768K), 1 survivors (32768K)
 Metaspace       used 35418K, capacity 37971K, committed 38272K, reserved 1081344K
  class space    used 5189K, capacity 5955K, committed 6016K, reserved 1048576K
GC Heap History (10 events):
Event: 12.767 GC heap after
Heap after GC invocations=15 (full 0):
 garbage-first heap   total 229376K, used 119797K [0x00000006c0000000, 0x00000006c2000038, 0x00000007c0000000)
  region size 32768K, 1 young (32768K), 1 survivors (32768K)
 Metaspace       used 30663K, capacity 32735K, committed 33024K, reserved 1077248K
  class space    used 4322K, capacity 4795K, committed 4864K, reserved 1048576K
}
Event: 13.064 GC heap before
{Heap before GC invocations=16 (full 0):
 garbage-first heap   total 229376K, used 152565K [0x00000006c0000000, 0x00000006c2000038, 0x00000007c0000000)
  region size 32768K, 2 young (65536K), 1 survivors (32768K)
 Metaspace       used 31746K, capacity 33873K, committed 34048K, reserved 1079296K
  class space    used 4561K, capacity 5072K, committed 5120K, reserved 1048576K
Event: 13.117 GC heap after
Heap after GC invocations=17 (full 0):
 garbage-first heap   total 229376K, used 130796K [0x00000006c0000000, 0x00000006c2000038, 0x00000007c0000000)
  region size 32768K, 1 young (32768K), 1 survivors (32768K)
 Metaspace       used 31746K, capacity 33873K, committed 34048K, reserved 1079296K
  class space    used 4561K, capacity 5072K, committed 5120K, reserved 1048576K
}
Event: 13.310 GC heap before
{Heap before GC invocations=17 (full 0):
 garbage-first heap   total 229376K, used 163564K [0x00000006c0000000, 0x00000006c2000038, 0x00000007c0000000)
  region size 32768K, 2 young (65536K), 1 survivors (32768K)
 Metaspace       used 32375K, capacity 34565K, committed 34688K, reserved 1079296K
  class space    used 4655K, capacity 5202K, committed 5248K, reserved 1048576K
Event: 13.410 GC heap after
Heap after GC invocations=18 (full 0):
 garbage-first heap   total 229376K, used 123012K [0x00000006c0000000, 0x00000006c2000038, 0x00000007c0000000)
  region size 32768K, 1 young (32768K), 1 survivors (32768K)
 Metaspace       used 32375K, capacity 34565K, committed 34688K, reserved 1079296K
  class space    used 4655K, capacity 5202K, committed 5248K, reserved 1048576K
}
Event: 13.564 GC heap before
{Heap before GC invocations=18 (full 0):
 garbage-first heap   total 229376K, used 155780K [0x00000006c0000000, 0x00000006c2000038, 0x00000007c0000000)
  region size 32768K, 2 young (65536K), 1 survivors (32768K)
 Metaspace       used 32647K, capacity 34845K, committed 34944K, reserved 1079296K
  class space    used 4698K, capacity 5246K, committed 5248K, reserved 1048576K
Event: 13.647 GC heap after
Heap after GC invocations=19 (full 0):
 garbage-first heap   total 524288K, used 135474K [0x00000006c0000000, 0x00000006c2000080, 0x00000007c0000000)
  region size 32768K, 1 young (32768K), 1 survivors (32768K)
 Metaspace       used 32647K, capacity 34845K, committed 34944K, reserved 1079296K
  class space    used 4698K, capacity 5246K, committed 5248K, reserved 1048576K
}
Event: 13.881 GC heap before
{Heap before GC invocations=19 (full 0):
 garbage-first heap   total 524288K, used 201010K [0x00000006c0000000, 0x00000006c2000080, 0x00000007c0000000)
  region size 32768K, 3 young (98304K), 1 survivors (32768K)
 Metaspace       used 33328K, capacity 35607K, committed 35968K, reserved 1079296K
  class space    used 4816K, capacity 5399K, committed 5504K, reserved 1048576K
Event: 13.950 GC heap after
Heap after GC invocations=20 (full 0):
 garbage-first heap   total 1048576K, used 146038K [0x00000006c0000000, 0x00000006c2000100, 0x00000007c0000000)
  region size 32768K, 1 young (32768K), 1 survivors (32768K)
 Metaspace       used 33328K, capacity 35607K, committed 35968K, reserved 1079296K
  class space    used 4816K, capacity 5399K, committed 5504K, reserved 1048576K
}
Event: 14.631 GC heap before
{Heap before GC invocations=20 (full 0):
 garbage-first heap   total 1048576K, used 309878K [0x00000006c0000000, 0x00000006c2000100, 0x00000007c0000000)
  region size 32768K, 6 young (196608K), 1 survivors (32768K)
 Metaspace       used 35418K, capacity 37971K, committed 38272K, reserved 1081344K
  class space    used 5189K, capacity 5955K, committed 6016K, reserved 1048576K

